2026-03-12 19:23:06.914 | INFO     | __main__:17 | === Starting position check ===
2026-03-12 19:23:06.914 | INFO     | __main__:19 | Connecting to Google Sheets
2026-03-12 19:23:08.375 | DEBUG    | services.positions_sheet:10 | Reading search tasks from sheet 'Позиции'
2026-03-12 19:23:08.783 | DEBUG    | services.positions_sheet:25 | Row 2: item_id=2926807248 name='крем лифтинг-эффект'
2026-03-12 19:23:08.783 | DEBUG    | services.positions_sheet:30 | Row 3: task item_id=2926807248 query='крем для шеи'
2026-03-12 19:23:08.783 | DEBUG    | services.positions_sheet:30 | Row 4: task item_id=2926807248 query='крем лифтинг-эффект'
2026-03-12 19:23:08.783 | DEBUG    | services.positions_sheet:30 | Row 5: task item_id=2926807248 query='крем от колец венеры'
2026-03-12 19:23:08.783 | DEBUG    | services.positions_sheet:30 | Row 6: task item_id=2926807248 query='крем антивозрастной'
2026-03-12 19:23:08.783 | DEBUG    | services.positions_sheet:30 | Row 7: task item_id=2926807248 query='уходовый крем антивозрастной'
2026-03-12 19:23:08.783 | DEBUG    | services.positions_sheet:25 | Row 8: item_id=3179832255 name='сыворотка вокруг глаз'
2026-03-12 19:23:08.783 | DEBUG    | services.positions_sheet:30 | Row 9: task item_id=3179832255 query='сыворотка для зоны вокруг глаз'
2026-03-12 19:23:08.783 | DEBUG    | services.positions_sheet:30 | Row 10: task item_id=3179832255 query='сыворотка для век увлажняющая'
2026-03-12 19:23:08.783 | DEBUG    | services.positions_sheet:30 | Row 11: task item_id=3179832255 query='сыворотка от мимических морщин'
2026-03-12 19:23:08.783 | DEBUG    | services.positions_sheet:30 | Row 12: task item_id=3179832255 query='антивозрастная сыворотка для зоны вокруг глаз'
2026-03-12 19:23:08.783 | DEBUG    | services.positions_sheet:30 | Row 13: task item_id=3179832255 query='сыворотка от темных кругов'
2026-03-12 19:23:08.783 | DEBUG    | services.positions_sheet:25 | Row 14: item_id=3302831485 name='сыворотка антивозрастная'
2026-03-12 19:23:08.783 | DEBUG    | services.positions_sheet:30 | Row 15: task item_id=3302831485 query='сыворотка антивозрастная'
2026-03-12 19:23:08.783 | DEBUG    | services.positions_sheet:30 | Row 16: task item_id=3302831485 query='сыворотка омолаживающая'
2026-03-12 19:23:08.783 | DEBUG    | services.positions_sheet:30 | Row 17: task item_id=3302831485 query='сыворотка омолаживающая с ретинолом'
2026-03-12 19:23:08.783 | DEBUG    | services.positions_sheet:30 | Row 18: task item_id=3302831485 query='сыворотка против пигментации'
2026-03-12 19:23:08.783 | DEBUG    | services.positions_sheet:30 | Row 19: task item_id=3302831485 query='сыворотка от акне'
2026-03-12 19:23:08.783 | DEBUG    | services.positions_sheet:30 | Row 20: task item_id=3302831485 query='сывротка для сужения пор'
2026-03-12 19:23:08.784 | DEBUG    | services.positions_sheet:30 | Row 21: task item_id=3302831485 query='уход для жирной кожи'
2026-03-12 19:23:08.784 | DEBUG    | services.positions_sheet:30 | Row 22: task item_id=3302831485 query='сыворотка для проблемной кожи'
2026-03-12 19:23:08.784 | DEBUG    | services.positions_sheet:30 | Row 23: task item_id=3302831485 query='уход для проблемной кожи'
2026-03-12 19:23:08.784 | DEBUG    | services.positions_sheet:25 | Row 24: item_id=3484987706 name='сыворотка с витамином с'
2026-03-12 19:23:08.784 | DEBUG    | services.positions_sheet:30 | Row 25: task item_id=3484987706 query='сыворотка с витамином с'
2026-03-12 19:23:08.784 | DEBUG    | services.positions_sheet:30 | Row 26: task item_id=3484987706 query='сыворотка для сияния лица'
2026-03-12 19:23:08.784 | DEBUG    | services.positions_sheet:30 | Row 27: task item_id=3484987706 query='сыворотка для упругости кожи'
2026-03-12 19:23:08.784 | DEBUG    | services.positions_sheet:30 | Row 28: task item_id=3484987706 query='сыворотка для лица на лето'
2026-03-12 19:23:08.784 | DEBUG    | services.positions_sheet:30 | Row 29: task item_id=3484987706 query='сыворотка для лица'
2026-03-12 19:23:08.784 | DEBUG    | services.positions_sheet:25 | Row 30: item_id=2877612654 name='крем увлажняющий'
2026-03-12 19:23:08.784 | DEBUG    | services.positions_sheet:30 | Row 31: task item_id=2877612654 query='крем для лица'
2026-03-12 19:23:08.784 | DEBUG    | services.positions_sheet:30 | Row 32: task item_id=2877612654 query='крем для лица увлажняющий'
2026-03-12 19:23:08.784 | DEBUG    | services.positions_sheet:30 | Row 33: task item_id=2877612654 query='крем для сухой кожи'
2026-03-12 19:23:08.784 | DEBUG    | services.positions_sheet:30 | Row 34: task item_id=2877612654 query='крем для лица с ниацинамидами'
2026-03-12 19:23:08.784 | DEBUG    | services.positions_sheet:30 | Row 35: task item_id=2877612654 query='крем для лица восстанавливающий'
2026-03-12 19:23:08.784 | DEBUG    | services.positions_sheet:25 | Row 36: item_id=2104059885 name='пенка для умывания'
2026-03-12 19:23:08.784 | DEBUG    | services.positions_sheet:30 | Row 37: task item_id=2104059885 query='пенка для умывания'
2026-03-12 19:23:08.784 | DEBUG    | services.positions_sheet:30 | Row 38: task item_id=2104059885 query='пенка для лица'
2026-03-12 19:23:08.784 | DEBUG    | services.positions_sheet:30 | Row 39: task item_id=2104059885 query='пенка для жирной кожи'
2026-03-12 19:23:08.784 | DEBUG    | services.positions_sheet:30 | Row 40: task item_id=2104059885 query='пенка очищающая'
2026-03-12 19:23:08.784 | DEBUG    | services.positions_sheet:30 | Row 41: task item_id=2104059885 query='пенка для проблемной кожи'
2026-03-12 19:23:08.784 | DEBUG    | services.positions_sheet:25 | Row 42: item_id=3397872813 name='крем для лица восстанавливающий'
2026-03-12 19:23:08.784 | DEBUG    | services.positions_sheet:30 | Row 43: task item_id=3397872813 query='крем для лица'
2026-03-12 19:23:08.784 | DEBUG    | services.positions_sheet:30 | Row 44: task item_id=3397872813 query='крем для лица восстанавливающий'
2026-03-12 19:23:08.784 | DEBUG    | services.positions_sheet:30 | Row 45: task item_id=3397872813 query='крем для лица увлажняющий'
2026-03-12 19:23:08.784 | DEBUG    | services.positions_sheet:30 | Row 46: task item_id=3397872813 query='крем для лица с церамидами'
2026-03-12 19:23:08.784 | DEBUG    | services.positions_sheet:30 | Row 47: task item_id=3397872813 query='крем для лица питающий'
2026-03-12 19:23:08.785 | DEBUG    | services.positions_sheet:30 | Row 48: task item_id=3397872813 query='крем для лица для проблемной кожи'
2026-03-12 19:23:08.785 | DEBUG    | services.positions_sheet:25 | Row 49: item_id=3179941439 name='крем увлажняющий'
2026-03-12 19:23:08.785 | DEBUG    | services.positions_sheet:30 | Row 50: task item_id=3179941439 query='крем для рук'
2026-03-12 19:23:08.785 | DEBUG    | services.positions_sheet:30 | Row 51: task item_id=3179941439 query='крем для тела'
2026-03-12 19:23:08.785 | DEBUG    | services.positions_sheet:30 | Row 52: task item_id=3179941439 query='крем для тела и рук'
2026-03-12 19:23:08.785 | DEBUG    | services.positions_sheet:30 | Row 53: task item_id=3179941439 query='крем для тела с церамидами'
2026-03-12 19:23:08.785 | DEBUG    | services.positions_sheet:30 | Row 54: task item_id=3179941439 query='крем для рук увлажняющий'
2026-03-12 19:23:08.785 | DEBUG    | services.positions_sheet:30 | Row 55: task item_id=3179941439 query='крем для тела увлажняющий'
2026-03-12 19:23:08.785 | DEBUG    | services.positions_sheet:30 | Row 56: task item_id=3179941439 query='крем для тела питательный'
2026-03-12 19:23:08.785 | DEBUG    | services.positions_sheet:25 | Row 57: item_id=3302811374 name='эссенция'
2026-03-12 19:23:08.785 | DEBUG    | services.positions_sheet:30 | Row 58: task item_id=3302811374 query='эссенция для лица'
2026-03-12 19:23:08.785 | DEBUG    | services.positions_sheet:30 | Row 59: task item_id=3302811374 query='молочко для лица'
2026-03-12 19:23:08.785 | DEBUG    | services.positions_sheet:30 | Row 60: task item_id=3302811374 query='лосьон для лица'
2026-03-12 19:23:08.785 | DEBUG    | services.positions_sheet:30 | Row 61: task item_id=3302811374 query='эссенция для лица антивозрастная'
2026-03-12 19:23:08.785 | DEBUG    | services.positions_sheet:30 | Row 62: task item_id=3302811374 query='эссенция восстанавливающая'
2026-03-12 19:23:08.785 | DEBUG    | services.positions_sheet:25 | Row 63: item_id=2877587534 name='тонер'
2026-03-12 19:23:08.785 | DEBUG    | services.positions_sheet:30 | Row 64: task item_id=2877587534 query='тонер'
2026-03-12 19:23:08.785 | DEBUG    | services.positions_sheet:30 | Row 65: task item_id=2877587534 query='тонер для лица'
2026-03-12 19:23:08.785 | DEBUG    | services.positions_sheet:30 | Row 66: task item_id=2877587534 query='тонер для лица увлажняющий'
2026-03-12 19:23:08.785 | DEBUG    | services.positions_sheet:30 | Row 67: task item_id=2877587534 query='тоник для лица'
2026-03-12 19:23:08.785 | DEBUG    | services.positions_sheet:30 | Row 68: task item_id=2877587534 query='тоник для лица увлажняющий'
2026-03-12 19:23:08.785 | DEBUG    | services.positions_sheet:25 | Row 69: item_id=2877598652 name='сыворотка для лица'
2026-03-12 19:23:08.785 | DEBUG    | services.positions_sheet:30 | Row 70: task item_id=2877598652 query='сыворотка для лица'
2026-03-12 19:23:08.785 | DEBUG    | services.positions_sheet:30 | Row 71: task item_id=2877598652 query='сыворотка сужающая'
2026-03-12 19:23:08.785 | DEBUG    | services.positions_sheet:30 | Row 72: task item_id=2877598652 query='сыворотка для лица восстанавливающая'
2026-03-12 19:23:08.785 | DEBUG    | services.positions_sheet:30 | Row 73: task item_id=2877598652 query='сыворотка для лица очищающая'
2026-03-12 19:23:08.786 | DEBUG    | services.positions_sheet:30 | Row 74: task item_id=2877598652 query='сыворотка для лица для проблемной кожи'
2026-03-12 19:23:08.786 | DEBUG    | services.positions_sheet:30 | Row 75: task item_id=2877598652 query='сыворотка для лица от высыпаний'
2026-03-12 19:23:08.786 | DEBUG    | services.positions_sheet:25 | Row 76: item_id=1534948802 name='гель-сыворотка'
2026-03-12 19:23:08.786 | DEBUG    | services.positions_sheet:30 | Row 77: task item_id=1534948802 query='гель для лица'
2026-03-12 19:23:08.786 | DEBUG    | services.positions_sheet:30 | Row 78: task item_id=1534948802 query='сыворотка для лица'
2026-03-12 19:23:08.786 | DEBUG    | services.positions_sheet:30 | Row 79: task item_id=1534948802 query='гель для лица восстанавливающий'
2026-03-12 19:23:08.786 | DEBUG    | services.positions_sheet:30 | Row 80: task item_id=1534948802 query='сыворотка для лица восстанавлиающая'
2026-03-12 19:23:08.786 | DEBUG    | services.positions_sheet:30 | Row 81: task item_id=1534948802 query='сыворотка для лица антивозрастная'
2026-03-12 19:23:08.786 | DEBUG    | services.positions_sheet:30 | Row 82: task item_id=1534948802 query='гель для лица увлажняющий'
2026-03-12 19:23:08.786 | DEBUG    | services.positions_sheet:30 | Row 83: task item_id=1534948802 query='сыворотка для лица увлажняющая'
2026-03-12 19:23:08.786 | DEBUG    | services.positions_sheet:30 | Row 84: task item_id=1534948802 query='сывротка для всех типов кожи'
2026-03-12 19:23:08.786 | DEBUG    | services.positions_sheet:25 | Row 85: item_id=2199167907 name='гель для душа'
2026-03-12 19:23:08.786 | DEBUG    | services.positions_sheet:30 | Row 86: task item_id=2199167907 query='гель для душа'
2026-03-12 19:23:08.786 | DEBUG    | services.positions_sheet:30 | Row 87: task item_id=2199167907 query='гель для душа женский'
2026-03-12 19:23:08.786 | DEBUG    | services.positions_sheet:30 | Row 88: task item_id=2199167907 query='гель для душа без сульфатов'
2026-03-12 19:23:08.786 | DEBUG    | services.positions_sheet:30 | Row 89: task item_id=2199167907 query='гель для душа увлажняющий'
2026-03-12 19:23:08.786 | INFO     | services.positions_sheet:32 | Loaded 75 search tasks from sheet 'Позиции'
2026-03-12 19:23:08.786 | INFO     | __main__:28 | Unique queries to fetch: 70
2026-03-12 19:23:08.786 | INFO     | services.ozon_client:20 | Starting OzonSearchClient session
2026-03-12 19:23:09.001 | DEBUG    | services.browser:88 | Launching Chromium | headless=True user_data_dir=browser_data proxy=yes
2026-03-12 19:23:09.222 | DEBUG    | services.browser:106 | Browser context launched
2026-03-12 19:23:09.222 | DEBUG    | services.browser:41 | Loading cookies from cookies.json
2026-03-12 19:23:09.223 | DEBUG    | services.browser:62 | Loaded 13 cookies
2026-03-12 19:23:09.261 | DEBUG    | services.browser:124 | New stealth page created
2026-03-12 19:23:09.261 | DEBUG    | services.browser:135 | Browser ready with cookies applied
2026-03-12 19:23:09.261 | DEBUG    | services.ozon_api:40 | Navigating to https://seller.ozon.ru/app/analytics-search/search-results/validator
2026-03-12 19:23:11.464 | DEBUG    | services.ozon_api:43 | Page ready: https://seller.ozon.ru/app/analytics-search/search-results/validator?__rr=1
2026-03-12 19:23:11.464 | INFO     | services.ozon_client:24 | Session ready
2026-03-12 19:23:11.464 | INFO     | services.ozon_client:33 | Fetching positions | query='крем для шеи' items=1
2026-03-12 19:23:11.465 | DEBUG    | services.ozon_api:56 | Creating search task | query='крем для шеи' items=['2926807248']
2026-03-12 19:23:11.671 | DEBUG    | services.ozon_api:67 | v2 raw response: '{"id":"607920639"}'
2026-03-12 19:23:11.671 | DEBUG    | services.ozon_api:85 | Task created: 607920639
2026-03-12 19:23:11.671 | DEBUG    | services.ozon_api:92 | Polling task 607920639
2026-03-12 19:23:11.865 | DEBUG    | services.ozon_api:105 | Poll #1 response: '{"resp":{"items":[], "rescoreWindow":0, "predictedCategory":"", "status":"IN_PROCESS"}, "status":"IN_PROCESS"}'
2026-03-12 19:23:11.865 | DEBUG    | services.ozon_api:124 | Task 607920639 status=IN_PROCESS, waiting...
2026-03-12 19:23:13.584 | DEBUG    | services.ozon_api:105 | Poll #2 response: '{"resp":{"items":[{"itemId":"2926807248", "name":"Крем для шеи и декольте MYSENSIA с вольюфилином 75мл (ex. Sokolova) лифтинг эффект", "imageUrl":"https://cdn1.ozone.ru/s3/multimedia-1-q/8440145306.jpg", "searchStatus":"FOUND", "isPositionWithinRescoreWindow":true, "position":"55", "isCollapsed":fal'
2026-03-12 19:23:13.585 | DEBUG    | services.ozon_api:118 | Task 607920639 completed, 1 items returned
2026-03-12 19:23:13.585 | INFO     | services.ozon_client:37 | Got 1 results for query='крем для шеи'
2026-03-12 19:23:15.586 | INFO     | services.ozon_client:33 | Fetching positions | query='крем лифтинг-эффект' items=1
2026-03-12 19:23:15.587 | DEBUG    | services.ozon_api:56 | Creating search task | query='крем лифтинг-эффект' items=['2926807248']
2026-03-12 19:23:15.792 | DEBUG    | services.ozon_api:67 | v2 raw response: '{"id":"607920693"}'
2026-03-12 19:23:15.792 | DEBUG    | services.ozon_api:85 | Task created: 607920693
2026-03-12 19:23:15.792 | DEBUG    | services.ozon_api:92 | Polling task 607920693
2026-03-12 19:23:15.992 | DEBUG    | services.ozon_api:105 | Poll #1 response: '{"resp":{"items":[], "rescoreWindow":0, "predictedCategory":"", "status":"IN_PROCESS"}, "status":"IN_PROCESS"}'
2026-03-12 19:23:15.992 | DEBUG    | services.ozon_api:124 | Task 607920693 status=IN_PROCESS, waiting...
2026-03-12 19:23:17.699 | DEBUG    | services.ozon_api:105 | Poll #2 response: '{"resp":{"items":[{"itemId":"2926807248", "name":"Крем для шеи и декольте MYSENSIA с вольюфилином 75мл (ex. Sokolova) лифтинг эффект", "imageUrl":"https://cdn1.ozone.ru/s3/multimedia-1-q/8440145306.jpg", "searchStatus":"FOUND", "isPositionWithinRescoreWindow":true, "position":"41", "isCollapsed":fal'
2026-03-12 19:23:17.700 | DEBUG    | services.ozon_api:118 | Task 607920693 completed, 1 items returned
2026-03-12 19:23:17.700 | INFO     | services.ozon_client:37 | Got 1 results for query='крем лифтинг-эффект'
2026-03-12 19:23:19.701 | INFO     | services.ozon_client:33 | Fetching positions | query='крем от колец венеры' items=1
2026-03-12 19:23:19.702 | DEBUG    | services.ozon_api:56 | Creating search task | query='крем от колец венеры' items=['2926807248']
2026-03-12 19:23:19.913 | DEBUG    | services.ozon_api:67 | v2 raw response: '{"id":"607920710"}'
2026-03-12 19:23:19.913 | DEBUG    | services.ozon_api:85 | Task created: 607920710
2026-03-12 19:23:19.913 | DEBUG    | services.ozon_api:92 | Polling task 607920710
2026-03-12 19:23:20.113 | DEBUG    | services.ozon_api:105 | Poll #1 response: '{"resp":{"items":[], "rescoreWindow":0, "predictedCategory":"", "status":"IN_PROCESS"}, "status":"IN_PROCESS"}'
2026-03-12 19:23:20.114 | DEBUG    | services.ozon_api:124 | Task 607920710 status=IN_PROCESS, waiting...
2026-03-12 19:23:21.822 | DEBUG    | services.ozon_api:105 | Poll #2 response: '{"resp":{"items":[{"itemId":"2926807248", "name":"Крем для шеи и декольте MYSENSIA с вольюфилином 75мл (ex. Sokolova) лифтинг эффект", "imageUrl":"https://cdn1.ozone.ru/s3/multimedia-1-q/8440145306.jpg", "searchStatus":"FOUND", "isPositionWithinRescoreWindow":true, "position":"27", "isCollapsed":fal'
2026-03-12 19:23:21.823 | DEBUG    | services.ozon_api:118 | Task 607920710 completed, 1 items returned
2026-03-12 19:23:21.823 | INFO     | services.ozon_client:37 | Got 1 results for query='крем от колец венеры'
2026-03-12 19:23:22.560 | INFO     | services.ozon_client:28 | Closing OzonSearchClient session
2026-03-12 19:23:22.560 | DEBUG    | services.browser:139 | Closing browser context
